<?xml version="1.0" encoding="UTF-8"?>
<!-- Generated by org.testng.reporters.JUnitReportReporter -->
<testsuite hostname="DESKTOP-9AO2ELS" failures="0" tests="4" name="runner.RunnerActitimeloginDdt" time="0.113" errors="0" timestamp="2024-12-12T15:06:03 IST" skipped="0">
  <testcase classname="runner.RunnerActitimeloginDdt" name="runScenario" time="0.005"/>
  <system-out/>
  <testcase classname="runner.RunnerActitimeloginDdt" name="runScenario" time="0.006"/>
  <system-out/>
  <testcase classname="runner.RunnerActitimeloginDdt" name="runScenario" time="0.007"/>
  <system-out/>
  <testcase classname="runner.RunnerActitimeloginDdt" name="runScenario" time="0.095"/>
  <system-out/>
</testsuite> <!-- runner.RunnerActitimeloginDdt -->
